<?xml version="1.0" encoding="UTF-8"?>
<testsuite xmlns:xsi="http://www.w3.org/2001/XMLSchema-instance" xsi:noNamespaceSchemaLocation="https://maven.apache.org/surefire/maven-surefire-plugin/xsd/surefire-test-report-3.0.xsd" version="3.0" name="com.demo.StringTest" time="0.437" tests="27" errors="0" skipped="0" failures="0">
  <properties>
    <property name="java.specification.version" value="17"/>
    <property name="sun.jnu.encoding" value="UTF-8"/>
    <property name="java.class.path" value="/home/ubuntu/environment/Junit/junitDemo/target/test-classes:/home/ubuntu/environment/Junit/junitDemo/target/classes:/home/ubuntu/.m2/repository/org/junit/jupiter/junit-jupiter-engine/5.9.1/junit-jupiter-engine-5.9.1.jar:/home/ubuntu/.m2/repository/org/junit/platform/junit-platform-engine/1.9.1/junit-platform-engine-1.9.1.jar:/home/ubuntu/.m2/repository/org/apiguardian/apiguardian-api/1.1.2/apiguardian-api-1.1.2.jar:/home/ubuntu/.m2/repository/org/junit/jupiter/junit-jupiter-api/5.9.1/junit-jupiter-api-5.9.1.jar:/home/ubuntu/.m2/repository/org/opentest4j/opentest4j/1.2.0/opentest4j-1.2.0.jar:/home/ubuntu/.m2/repository/org/junit/platform/junit-platform-commons/1.9.1/junit-platform-commons-1.9.1.jar:/home/ubuntu/.m2/repository/org/junit/jupiter/junit-jupiter-params/5.9.1/junit-jupiter-params-5.9.1.jar:"/>
    <property name="java.vm.vendor" value="Private Build"/>
    <property name="sun.arch.data.model" value="64"/>
    <property name="java.vendor.url" value="Unknown"/>
    <property name="user.timezone" value="Etc/UTC"/>
    <property name="os.name" value="Linux"/>
    <property name="java.vm.specification.version" value="17"/>
    <property name="sun.java.launcher" value="SUN_STANDARD"/>
    <property name="sun.boot.library.path" value="/usr/lib/jvm/java-17-openjdk-amd64/lib"/>
    <property name="sun.java.command" value="/home/ubuntu/environment/Junit/junitDemo/target/surefire/surefirebooter11974402378852467509.jar /home/ubuntu/environment/Junit/junitDemo/target/surefire 2024-01-13T22-27-24_135-jvmRun1 surefire2832166600851383329tmp surefire_04058501245922028649tmp"/>
    <property name="jdk.debug" value="release"/>
    <property name="surefire.test.class.path" value="/home/ubuntu/environment/Junit/junitDemo/target/test-classes:/home/ubuntu/environment/Junit/junitDemo/target/classes:/home/ubuntu/.m2/repository/org/junit/jupiter/junit-jupiter-engine/5.9.1/junit-jupiter-engine-5.9.1.jar:/home/ubuntu/.m2/repository/org/junit/platform/junit-platform-engine/1.9.1/junit-platform-engine-1.9.1.jar:/home/ubuntu/.m2/repository/org/apiguardian/apiguardian-api/1.1.2/apiguardian-api-1.1.2.jar:/home/ubuntu/.m2/repository/org/junit/jupiter/junit-jupiter-api/5.9.1/junit-jupiter-api-5.9.1.jar:/home/ubuntu/.m2/repository/org/opentest4j/opentest4j/1.2.0/opentest4j-1.2.0.jar:/home/ubuntu/.m2/repository/org/junit/platform/junit-platform-commons/1.9.1/junit-platform-commons-1.9.1.jar:/home/ubuntu/.m2/repository/org/junit/jupiter/junit-jupiter-params/5.9.1/junit-jupiter-params-5.9.1.jar:"/>
    <property name="sun.cpu.endian" value="little"/>
    <property name="user.home" value="/home/ubuntu"/>
    <property name="user.language" value="en"/>
    <property name="java.specification.vendor" value="Oracle Corporation"/>
    <property name="java.version.date" value="2023-10-17"/>
    <property name="java.home" value="/usr/lib/jvm/java-17-openjdk-amd64"/>
    <property name="file.separator" value="/"/>
    <property name="basedir" value="/home/ubuntu/environment/Junit/junitDemo"/>
    <property name="java.vm.compressedOopsMode" value="32-bit"/>
    <property name="line.separator" value="&#10;"/>
    <property name="java.vm.specification.vendor" value="Oracle Corporation"/>
    <property name="java.specification.name" value="Java Platform API Specification"/>
    <property name="surefire.real.class.path" value="/home/ubuntu/environment/Junit/junitDemo/target/surefire/surefirebooter11974402378852467509.jar"/>
    <property name="sun.management.compiler" value="HotSpot 64-Bit Tiered Compilers"/>
    <property name="java.runtime.version" value="17.0.9+9-Ubuntu-122.04"/>
    <property name="user.name" value="ubuntu"/>
    <property name="path.separator" value=":"/>
    <property name="os.version" value="6.2.0-1017-aws"/>
    <property name="java.runtime.name" value="OpenJDK Runtime Environment"/>
    <property name="file.encoding" value="UTF-8"/>
    <property name="java.vm.name" value="OpenJDK 64-Bit Server VM"/>
    <property name="localRepository" value="/home/ubuntu/.m2/repository"/>
    <property name="java.vendor.url.bug" value="Unknown"/>
    <property name="java.io.tmpdir" value="/tmp"/>
    <property name="java.version" value="17.0.9"/>
    <property name="user.dir" value="/home/ubuntu/environment/Junit/junitDemo"/>
    <property name="os.arch" value="amd64"/>
    <property name="java.vm.specification.name" value="Java Virtual Machine Specification"/>
    <property name="native.encoding" value="UTF-8"/>
    <property name="java.library.path" value="/usr/java/packages/lib:/usr/lib/x86_64-linux-gnu/jni:/lib/x86_64-linux-gnu:/usr/lib/x86_64-linux-gnu:/usr/lib/jni:/lib:/usr/lib"/>
    <property name="java.vm.info" value="mixed mode, sharing"/>
    <property name="java.vendor" value="Private Build"/>
    <property name="java.vm.version" value="17.0.9+9-Ubuntu-122.04"/>
    <property name="sun.io.unicode.encoding" value="UnicodeLittle"/>
    <property name="java.class.version" value="61.0"/>
  </properties>
  <testcase name="checkTheUppercaseWithParameterized(String, String)[1]" classname="com.demo.StringTest" time="0.067">
    <system-out><![CDATA[Initailizing the database connection
Initialize the test data : [1] abc, ABC
Clean up the test data
]]></system-out>
    <system-err><![CDATA[Jan 13, 2024 10:27:25 PM org.junit.jupiter.engine.discovery.MethodSelectorResolver resolve
WARNING: Possible configuration error: method [void com.demo.StringTest.lengthGreaterThanZero()] resulted in multiple TestDescriptors [org.junit.jupiter.engine.descriptor.TestTemplateTestDescriptor, org.junit.jupiter.engine.descriptor.TestMethodTestDescriptor]. This is typically the result of annotating a method with multiple competing annotations such as @Test, @RepeatedTest, @ParameterizedTest, @TestFactory, etc.
Jan 13, 2024 10:27:25 PM org.junit.jupiter.engine.discovery.MethodSelectorResolver resolve
WARNING: Possible configuration error: method [void com.demo.StringTest.lengthGreaterThanZero()] resulted in multiple TestDescriptors [org.junit.jupiter.engine.descriptor.TestMethodTestDescriptor, org.junit.jupiter.engine.descriptor.TestTemplateTestDescriptor]. This is typically the result of annotating a method with multiple competing annotations such as @Test, @RepeatedTest, @ParameterizedTest, @TestFactory, etc.
]]></system-err>
  </testcase>
  <testcase name="checkTheUppercaseWithParameterized(String, String)[2]" classname="com.demo.StringTest" time="0.006">
    <system-out><![CDATA[Initialize the test data : [2] abcd, ABCD
Clean up the test data
]]></system-out>
  </testcase>
  <testcase name="checkTheUppercaseWithParameterized(String, String)[3]" classname="com.demo.StringTest" time="0.005">
    <system-out><![CDATA[Initialize the test data : [3] , 
Clean up the test data
]]></system-out>
  </testcase>
  <testcase name="checkTheUppercaseWithParameterized(String, String)[4]" classname="com.demo.StringTest" time="0.004">
    <system-out><![CDATA[Initialize the test data : [4] hello, HELLO
Clean up the test data
]]></system-out>
  </testcase>
  <testcase name="checkLengthWithParameterized(String, int)[1]" classname="com.demo.StringTest" time="0.002">
    <system-out><![CDATA[Initialize the test data : abc length is 3
Clean up the test data
]]></system-out>
  </testcase>
  <testcase name="checkLengthWithParameterized(String, int)[2]" classname="com.demo.StringTest" time="0.003">
    <system-out><![CDATA[Initialize the test data : abcd length is 4
Clean up the test data
]]></system-out>
  </testcase>
  <testcase name="checkLengthWithParameterized(String, int)[3]" classname="com.demo.StringTest" time="0.003">
    <system-out><![CDATA[Initialize the test data : abcdef length is 6
Clean up the test data
]]></system-out>
  </testcase>
  <testcase name="lengthGreaterThanZero" classname="com.demo.StringTest" time="0.002">
    <system-out><![CDATA[Initialize the test data : When length is greater than zero, return true
Clean up the test data
]]></system-out>
  </testcase>
  <testcase name="lengthGreaterThanZero" classname="com.demo.StringTest" time="0.001">
    <system-out><![CDATA[Initialize the test data : repetition 1 of 10
Clean up the test data
]]></system-out>
  </testcase>
  <testcase name="lengthGreaterThanZero" classname="com.demo.StringTest" time="0.002">
    <system-out><![CDATA[Initialize the test data : repetition 2 of 10
Clean up the test data
]]></system-out>
  </testcase>
  <testcase name="lengthGreaterThanZero" classname="com.demo.StringTest" time="0.005">
    <system-out><![CDATA[Initialize the test data : repetition 3 of 10
Clean up the test data
]]></system-out>
  </testcase>
  <testcase name="lengthGreaterThanZero" classname="com.demo.StringTest" time="0.001">
    <system-out><![CDATA[Initialize the test data : repetition 4 of 10
Clean up the test data
]]></system-out>
  </testcase>
  <testcase name="lengthGreaterThanZero" classname="com.demo.StringTest" time="0.003">
    <system-out><![CDATA[Initialize the test data : repetition 5 of 10
Clean up the test data
]]></system-out>
  </testcase>
  <testcase name="lengthGreaterThanZero" classname="com.demo.StringTest" time="0.003">
    <system-out><![CDATA[Initialize the test data : repetition 6 of 10
Clean up the test data
]]></system-out>
  </testcase>
  <testcase name="lengthGreaterThanZero" classname="com.demo.StringTest" time="0.001">
    <system-out><![CDATA[Initialize the test data : repetition 7 of 10
Clean up the test data
]]></system-out>
  </testcase>
  <testcase name="lengthGreaterThanZero" classname="com.demo.StringTest" time="0.004">
    <system-out><![CDATA[Initialize the test data : repetition 8 of 10
Clean up the test data
]]></system-out>
  </testcase>
  <testcase name="lengthGreaterThanZero" classname="com.demo.StringTest" time="0.001">
    <system-out><![CDATA[Initialize the test data : repetition 9 of 10
Clean up the test data
]]></system-out>
  </testcase>
  <testcase name="lengthGreaterThanZero" classname="com.demo.StringTest" time="0.002">
    <system-out><![CDATA[Initialize the test data : repetition 10 of 10
Clean up the test data
]]></system-out>
  </testcase>
  <testcase name="lengthGreaterThanZeroUsingParameterized(String)[1]" classname="com.demo.StringTest" time="0.001">
    <system-out><![CDATA[Initialize the test data : [1] ABC
Clean up the test data
]]></system-out>
  </testcase>
  <testcase name="lengthGreaterThanZeroUsingParameterized(String)[2]" classname="com.demo.StringTest" time="0.001">
    <system-out><![CDATA[Initialize the test data : [2] ABC
Clean up the test data
]]></system-out>
  </testcase>
  <testcase name="lengthGreaterThanZeroUsingParameterized(String)[3]" classname="com.demo.StringTest" time="0.004">
    <system-out><![CDATA[Initialize the test data : [3] ABCDEFGH
Clean up the test data
]]></system-out>
  </testcase>
  <testcase name="upperCaseBasic" classname="com.demo.StringTest" time="0.001">
    <system-out><![CDATA[Initialize the test data : upperCaseBasic()
Clean up the test data
]]></system-out>
  </testcase>
  <testcase name="checkSplitMethod" classname="com.demo.StringTest" time="0.002">
    <system-out><![CDATA[Initialize the test data : checkSplitMethod()
Clean up the test data
]]></system-out>
  </testcase>
  <testcase name="checkNullPointerExceptionOnLength" classname="com.demo.StringTest" time="0.002">
    <system-out><![CDATA[Initialize the test data : when length is null, throw an NullPointerException
Clean up the test data
]]></system-out>
  </testcase>
  <testcase name="checkPerformance" classname="com.demo.StringTest" time="0.003">
    <system-out><![CDATA[Initialize the test data : checkPerformance()
Clean up the test data
]]></system-out>
  </testcase>
  <testcase name="testLength" classname="com.demo.StringTest" time="0">
    <system-out><![CDATA[Initialize the test data : testLength()
Clean up the test data
]]></system-out>
  </testcase>
  <testcase name="lowerCaseBasic" classname="com.demo.StringTest" time="0.003">
    <system-out><![CDATA[Initialize the test data : Checks the lowercase of message string
Clean up the test data
]]></system-out>
  </testcase>
</testsuite>